<?xml version="1.0" encoding="UTF-8"?>
<testsuite xmlns:xsi="http://www.w3.org/2001/XMLSchema-instance" xsi:noNamespaceSchemaLocation="https://maven.apache.org/surefire/maven-surefire-plugin/xsd/surefire-test-report-3.0.xsd" version="3.0" name="gestionbancaria.GestionBancariaTest" time="0.101" tests="8" errors="0" skipped="0" failures="0">
  <properties>
[...]
</properties>
  <testcase name="testGetSaldo" classname="gestionbancaria.GestionBancariaTest" time="0.036"/>
  <testcase name="testGetTitular" classname="gestionbancaria.GestionBancariaTest" time="0.002"/>
  <testcase name="testDepositoMontoValido" classname="gestionbancaria.GestionBancariaTest" time="0.003"/>
  <testcase name="testDepositoMontoNegativo" classname="gestionbancaria.GestionBancariaTest" time="0.003">
    <system-out><![CDATA[El monto a depositar no es válido
]]></system-out>
  </testcase>
  <testcase name="testRetiroSaldoInsuficiente" classname="gestionbancaria.GestionBancariaTest" time="0.002">
    <system-out><![CDATA[Saldo insuficiente
]]></system-out>
  </testcase>
  <testcase name="testSetTitularInvalidoVacio" classname="gestionbancaria.GestionBancariaTest" time="0.002">
    <system-out><![CDATA[Cambio no realizado. Dato vacío o no valido
]]></system-out>
  </testcase>
  <testcase name="testRetiroMontoValido" classname="gestionbancaria.GestionBancariaTest" time="0.002"/>
  <testcase name="testSetTitularValido" classname="gestionbancaria.GestionBancariaTest" time="0.001"/>
</testsuite>