<?xml version="1.0" encoding="UTF-8"?>
<testsuite xmlns:xsi="http://www.w3.org/2001/XMLSchema-instance" xsi:noNamespaceSchemaLocation="https://maven.apache.org/surefire/maven-surefire-plugin/xsd/surefire-test-report-3.0.xsd" version="3.0" name="gestionbancaria.CuentaBancariaTest" time="0.085" tests="6" errors="0" skipped="0" failures="0">
  <properties>
[...]
</properties>
  <testcase name="testGetSaldo" classname="gestionbancaria.CuentaBancariaTest" time="0.033"/>
  <testcase name="testGetTitular" classname="gestionbancaria.CuentaBancariaTest" time="0.003"/>
  <testcase name="testMostrarSaldo" classname="gestionbancaria.CuentaBancariaTest" time="0.004">
    <system-out><![CDATA[Tu saldo es: 2000.0
]]></system-out>
  </testcase>
  <testcase name="testSetTitular" classname="gestionbancaria.CuentaBancariaTest" time="0.002"/>
  <testcase name="testDeposito" classname="gestionbancaria.CuentaBancariaTest" time="0.001"/>
  <testcase name="testRetiro" classname="gestionbancaria.CuentaBancariaTest" time="0.003"/>
</testsuite>